<?xml version="1.0" encoding="UTF-8"?>
<!-- Generated by org.testng.reporters.JUnitReportReporter -->
<testsuite skipped="0" hostname="DESKTOP-RFR3DJC" name="org.testleaf.testCases.TC001_LoginLogout" tests="2" failures="0" timestamp="2019-12-01T11:53:57 IST" time="14.705" errors="0">
  <testcase name="loginLogout" time="8.352" classname="org.testleaf.testCases.TC001_LoginLogout"/>
  <testcase name="loginLogout" time="6.353" classname="org.testleaf.testCases.TC001_LoginLogout"/>
</testsuite> <!-- org.testleaf.testCases.TC001_LoginLogout -->
